// 重构日志: a8f25bef
// 重构日志: 8a4161cf
// 同步 ID: c64dfdd8 @ Fri Jul  3 16:46:46 UTC 2026
// 重构日志: e9c9e254
// 重构日志: 1a274834
// 同步 ID: 075c754d @ Wed Jul  8 08:50:22 UTC 2026
// 重构日志: 2396aa4a
// 重构日志: 6485cc59
// 同步 ID: 2bc0a872 @ Fri Jul 10 11:25:22 UTC 2026
// 同步 ID: 51cf3873 @ Sat Jul 11 12:20:33 UTC 2026
// 同步 ID: 926446cc @ Sat Jul 11 14:33:53 UTC 2026
// 同步 ID: 43e8e656 @ Sat Jul 11 15:45:56 UTC 2026
// 同步 ID: 7dc1fd99 @ Sun Jul 12 04:44:58 UTC 2026
// 重构日志: 5e4aa645
// 重构日志: 3e4cc440
// 重构日志: ef58b328
// 同步 ID: ebee5d77 @ Wed Jul 15 22:39:54 UTC 2026
// 同步 ID: 40c8f928 @ Thu Jul 16 01:08:15 UTC 2026
// 重构日志: bdadabd0
// 同步 ID: 3e171381 @ Thu Jul 16 17:20:03 UTC 2026
// 重构日志: 062c0ca7
// 重构日志: 4d01c75b
// 同步 ID: 399db6f5 @ Sat Jul 18 09:55:05 UTC 2026
// 重构日志: cf2a8a9b
// 同步 ID: e087298b @ Sun Jul 19 04:05:09 UTC 2026
// 重构日志: ada25a47
// 重构日志: 94ca339a
// 重构日志: 949efe66
// 同步 ID: f2396e28 @ Mon Jul 20 12:03:14 UTC 2026
// 同步 ID: 9a3f4e09 @ Tue Jul 21 19:03:20 UTC 2026
// 重构日志: 9eb401ef
// 重构日志: c62720da
